{"uid":"6e66aeaa3b62641c","name":"test_github_issue_exists","fullName":"tests.test_with_allure_step#test_github_issue_exists","historyId":"37fb109201523e333d6e36591a060046","time":{"start":1750178680654,"stop":1750178691488,"duration":10834},"status":"broken","statusMessage":"selenium.common.exceptions.TimeoutException: Message:","statusTrace":"browser = <selenium.webdriver.chrome.webdriver.WebDriver (session=\"594d7f4a3acb1329dd7c83252e49fb28\")>\n\n    def test_github_issue_exists(browser):\n        repo = \"juliSavitskaya/qa_guru_hw_8\"\n        expected_text = \"for test\"\n    \n        search_page = SearchIssuePage(browser)\n    \n        with allure.step(\"Открываем главную страницу GitHub\"):\n            search_page.open_github_main_page()\n    \n        with allure.step(\"Кликаем по кнопке поиска\"):\n>           search_page.click_search_button()\n\ntests/test_with_allure_step.py:15: \n_ _ _ _ _ _ _ _ _ _ _ _ _ _ _ _ _ _ _ _ _ _ _ _ _ _ _ _ _ _ _ _ _ _ _ _ _ _ _ _ \npages/search_issue_page.py:24: in click_search_button\n    search_button = self.wait.until(\n_ _ _ _ _ _ _ _ _ _ _ _ _ _ _ _ _ _ _ _ _ _ _ _ _ _ _ _ _ _ _ _ _ _ _ _ _ _ _ _ \n\nself = <selenium.webdriver.support.wait.WebDriverWait (session=\"594d7f4a3acb1329dd7c83252e49fb28\")>\nmethod = <function element_to_be_clickable.<locals>._predicate at 0x7fef1ba55ee0>\nmessage = ''\n\n    def until(self, method: Callable[[D], Union[Literal[False], T]], message: str = \"\") -> T:\n        \"\"\"Wait until the method returns a value that is not False.\n    \n        Calls the method provided with the driver as an argument until the\n        return value does not evaluate to ``False``.\n    \n        Parameters:\n        -----------\n        method: callable(WebDriver)\n            - A callable object that takes a WebDriver instance as an argument.\n    \n        message: str\n            - Optional message for :exc:`TimeoutException`\n    \n        Return:\n        -------\n        object: T\n            - The result of the last call to `method`\n    \n        Raises:\n        -------\n        TimeoutException\n            - If 'method' does not return a truthy value within the WebDriverWait\n            object's timeout\n    \n        Example:\n        --------\n        >>> from selenium.webdriver.common.by import By\n        >>> from selenium.webdriver.support.ui import WebDriverWait\n        >>> from selenium.webdriver.support import expected_conditions as EC\n    \n        # Wait until an element is visible on the page\n        >>> wait = WebDriverWait(driver, 10)\n        >>> element = wait.until(EC.visibility_of_element_located((By.ID, \"exampleId\")))\n        >>> print(element.text)\n        \"\"\"\n        screen = None\n        stacktrace = None\n    \n        end_time = time.monotonic() + self._timeout\n        while True:\n            try:\n                value = method(self._driver)\n                if value:\n                    return value\n            except self._ignored_exceptions as exc:\n                screen = getattr(exc, \"screen\", None)\n                stacktrace = getattr(exc, \"stacktrace\", None)\n            if time.monotonic() > end_time:\n                break\n            time.sleep(self._poll)\n>       raise TimeoutException(message, screen, stacktrace)\nE       selenium.common.exceptions.TimeoutException: Message:\n\n/opt/hostedtoolcache/Python/3.13.4/x64/lib/python3.13/site-packages/selenium/webdriver/support/wait.py:138: TimeoutException","flaky":false,"newFailed":false,"newBroken":false,"newPassed":false,"retriesCount":0,"retriesStatusChange":false,"beforeStages":[{"name":"browser","time":{"start":1750178680241,"stop":1750178680654,"duration":413},"status":"passed","steps":[],"attachments":[],"parameters":[],"shouldDisplayMessage":false,"stepsCount":0,"attachmentsCount":0,"hasContent":false,"attachmentStep":false}],"testStage":{"status":"broken","statusMessage":"selenium.common.exceptions.TimeoutException: Message:","statusTrace":"browser = <selenium.webdriver.chrome.webdriver.WebDriver (session=\"594d7f4a3acb1329dd7c83252e49fb28\")>\n\n    def test_github_issue_exists(browser):\n        repo = \"juliSavitskaya/qa_guru_hw_8\"\n        expected_text = \"for test\"\n    \n        search_page = SearchIssuePage(browser)\n    \n        with allure.step(\"Открываем главную страницу GitHub\"):\n            search_page.open_github_main_page()\n    \n        with allure.step(\"Кликаем по кнопке поиска\"):\n>           search_page.click_search_button()\n\ntests/test_with_allure_step.py:15: \n_ _ _ _ _ _ _ _ _ _ _ _ _ _ _ _ _ _ _ _ _ _ _ _ _ _ _ _ _ _ _ _ _ _ _ _ _ _ _ _ \npages/search_issue_page.py:24: in click_search_button\n    search_button = self.wait.until(\n_ _ _ _ _ _ _ _ _ _ _ _ _ _ _ _ _ _ _ _ _ _ _ _ _ _ _ _ _ _ _ _ _ _ _ _ _ _ _ _ \n\nself = <selenium.webdriver.support.wait.WebDriverWait (session=\"594d7f4a3acb1329dd7c83252e49fb28\")>\nmethod = <function element_to_be_clickable.<locals>._predicate at 0x7fef1ba55ee0>\nmessage = ''\n\n    def until(self, method: Callable[[D], Union[Literal[False], T]], message: str = \"\") -> T:\n        \"\"\"Wait until the method returns a value that is not False.\n    \n        Calls the method provided with the driver as an argument until the\n        return value does not evaluate to ``False``.\n    \n        Parameters:\n        -----------\n        method: callable(WebDriver)\n            - A callable object that takes a WebDriver instance as an argument.\n    \n        message: str\n            - Optional message for :exc:`TimeoutException`\n    \n        Return:\n        -------\n        object: T\n            - The result of the last call to `method`\n    \n        Raises:\n        -------\n        TimeoutException\n            - If 'method' does not return a truthy value within the WebDriverWait\n            object's timeout\n    \n        Example:\n        --------\n        >>> from selenium.webdriver.common.by import By\n        >>> from selenium.webdriver.support.ui import WebDriverWait\n        >>> from selenium.webdriver.support import expected_conditions as EC\n    \n        # Wait until an element is visible on the page\n        >>> wait = WebDriverWait(driver, 10)\n        >>> element = wait.until(EC.visibility_of_element_located((By.ID, \"exampleId\")))\n        >>> print(element.text)\n        \"\"\"\n        screen = None\n        stacktrace = None\n    \n        end_time = time.monotonic() + self._timeout\n        while True:\n            try:\n                value = method(self._driver)\n                if value:\n                    return value\n            except self._ignored_exceptions as exc:\n                screen = getattr(exc, \"screen\", None)\n                stacktrace = getattr(exc, \"stacktrace\", None)\n            if time.monotonic() > end_time:\n                break\n            time.sleep(self._poll)\n>       raise TimeoutException(message, screen, stacktrace)\nE       selenium.common.exceptions.TimeoutException: Message:\n\n/opt/hostedtoolcache/Python/3.13.4/x64/lib/python3.13/site-packages/selenium/webdriver/support/wait.py:138: TimeoutException","steps":[{"name":"Открываем главную страницу GitHub","time":{"start":1750178680654,"stop":1750178681401,"duration":747},"status":"passed","steps":[],"attachments":[],"parameters":[],"shouldDisplayMessage":false,"stepsCount":0,"attachmentsCount":0,"hasContent":false,"attachmentStep":false},{"name":"Кликаем по кнопке поиска","time":{"start":1750178681401,"stop":1750178691487,"duration":10086},"status":"broken","statusMessage":"selenium.common.exceptions.TimeoutException: Message: \n\n","statusTrace":"  File \"/home/runner/work/qa_guru_hw_8/qa_guru_hw_8/tests/test_with_allure_step.py\", line 15, in test_github_issue_exists\n    search_page.click_search_button()\n    ~~~~~~~~~~~~~~~~~~~~~~~~~~~~~~~^^\n  File \"/home/runner/work/qa_guru_hw_8/qa_guru_hw_8/pages/search_issue_page.py\", line 24, in click_search_button\n    search_button = self.wait.until(\n        EC.element_to_be_clickable(self.SEARCH_BUTTON)\n    )\n  File \"/opt/hostedtoolcache/Python/3.13.4/x64/lib/python3.13/site-packages/selenium/webdriver/support/wait.py\", line 138, in until\n    raise TimeoutException(message, screen, stacktrace)\n","steps":[],"attachments":[],"parameters":[],"shouldDisplayMessage":true,"stepsCount":0,"attachmentsCount":0,"hasContent":true,"attachmentStep":false}],"attachments":[],"parameters":[],"shouldDisplayMessage":true,"stepsCount":2,"attachmentsCount":0,"hasContent":true,"attachmentStep":false},"afterStages":[{"name":"browser::0","time":{"start":1750178691493,"stop":1750178691561,"duration":68},"status":"passed","steps":[],"attachments":[],"parameters":[],"shouldDisplayMessage":false,"stepsCount":0,"attachmentsCount":0,"hasContent":false,"attachmentStep":false}],"labels":[{"name":"parentSuite","value":"tests"},{"name":"suite","value":"test_with_allure_step"},{"name":"host","value":"fv-az1982-99"},{"name":"thread","value":"3027-MainThread"},{"name":"framework","value":"pytest"},{"name":"language","value":"cpython3"},{"name":"package","value":"tests.test_with_allure_step"},{"name":"resultFormat","value":"allure2"}],"parameters":[],"links":[],"hidden":false,"retry":false,"extra":{"severity":"normal","retries":[],"categories":[{"name":"Test defects","matchedStatuses":[],"flaky":false}],"history":{"statistic":{"failed":0,"broken":2,"skipped":0,"passed":0,"unknown":0,"total":2},"items":[{"uid":"db57c455a8ef1046","reportUrl":"https://juliSavitskaya.github.io/qa_guru_hw_8/14//#testresult/db57c455a8ef1046","status":"broken","statusDetails":"selenium.common.exceptions.TimeoutException: Message:","time":{"start":1750177730201,"stop":1750177741127,"duration":10926}}]},"tags":[]},"source":"6e66aeaa3b62641c.json","parameterValues":[]}