{"uid":"9e43a52f04d1c06d","name":"test_github_issue_exists","fullName":"tests.test_search_issue_without_allure#test_github_issue_exists","historyId":"5ff8a4f48bf21c0d7b1acd22fd4a0733","time":{"start":1750227956504,"stop":1750227967524,"duration":11020},"status":"broken","statusMessage":"selenium.common.exceptions.TimeoutException: Message:","statusTrace":"browser = <selenium.webdriver.chrome.webdriver.WebDriver (session=\"e80930d0b2b687a5a51bd9411aa4dabf\")>\n\n    def test_github_issue_exists(browser):\n        repo = \"juliSavitskaya/qa_guru_hw_8\"\n        expected_text = \"for test\"\n    \n        search_page = SearchIssuePage(browser)\n    \n        search_page.open_github_main_page()\n>       search_page.click_search_button()\n\ntests/test_search_issue_without_allure.py:11: \n_ _ _ _ _ _ _ _ _ _ _ _ _ _ _ _ _ _ _ _ _ _ _ _ _ _ _ _ _ _ _ _ _ _ _ _ _ _ _ _ \npages/search_issue_page.py:24: in click_search_button\n    search_button = self.wait.until(\n_ _ _ _ _ _ _ _ _ _ _ _ _ _ _ _ _ _ _ _ _ _ _ _ _ _ _ _ _ _ _ _ _ _ _ _ _ _ _ _ \n\nself = <selenium.webdriver.support.wait.WebDriverWait (session=\"e80930d0b2b687a5a51bd9411aa4dabf\")>\nmethod = <function element_to_be_clickable.<locals>._predicate at 0x7f1cf1ca7d80>\nmessage = ''\n\n    def until(self, method: Callable[[D], Union[Literal[False], T]], message: str = \"\") -> T:\n        \"\"\"Wait until the method returns a value that is not False.\n    \n        Calls the method provided with the driver as an argument until the\n        return value does not evaluate to ``False``.\n    \n        Parameters:\n        -----------\n        method: callable(WebDriver)\n            - A callable object that takes a WebDriver instance as an argument.\n    \n        message: str\n            - Optional message for :exc:`TimeoutException`\n    \n        Return:\n        -------\n        object: T\n            - The result of the last call to `method`\n    \n        Raises:\n        -------\n        TimeoutException\n            - If 'method' does not return a truthy value within the WebDriverWait\n            object's timeout\n    \n        Example:\n        --------\n        >>> from selenium.webdriver.common.by import By\n        >>> from selenium.webdriver.support.ui import WebDriverWait\n        >>> from selenium.webdriver.support import expected_conditions as EC\n    \n        # Wait until an element is visible on the page\n        >>> wait = WebDriverWait(driver, 10)\n        >>> element = wait.until(EC.visibility_of_element_located((By.ID, \"exampleId\")))\n        >>> print(element.text)\n        \"\"\"\n        screen = None\n        stacktrace = None\n    \n        end_time = time.monotonic() + self._timeout\n        while True:\n            try:\n                value = method(self._driver)\n                if value:\n                    return value\n            except self._ignored_exceptions as exc:\n                screen = getattr(exc, \"screen\", None)\n                stacktrace = getattr(exc, \"stacktrace\", None)\n            if time.monotonic() > end_time:\n                break\n            time.sleep(self._poll)\n>       raise TimeoutException(message, screen, stacktrace)\nE       selenium.common.exceptions.TimeoutException: Message:\n\n/opt/hostedtoolcache/Python/3.13.4/x64/lib/python3.13/site-packages/selenium/webdriver/support/wait.py:138: TimeoutException","flaky":false,"newFailed":false,"newBroken":false,"newPassed":false,"retriesCount":0,"retriesStatusChange":false,"beforeStages":[{"name":"browser","time":{"start":1750227955527,"stop":1750227956503,"duration":976},"status":"passed","steps":[],"attachments":[],"parameters":[],"shouldDisplayMessage":false,"stepsCount":0,"attachmentsCount":0,"hasContent":false,"attachmentStep":false}],"afterStages":[{"name":"browser::0","time":{"start":1750227967651,"stop":1750227967727,"duration":76},"status":"passed","steps":[],"attachments":[],"parameters":[],"shouldDisplayMessage":false,"stepsCount":0,"attachmentsCount":0,"hasContent":false,"attachmentStep":false}],"labels":[{"name":"parentSuite","value":"tests"},{"name":"suite","value":"test_search_issue_without_allure"},{"name":"host","value":"fv-az1921-910"},{"name":"thread","value":"3146-MainThread"},{"name":"framework","value":"pytest"},{"name":"language","value":"cpython3"},{"name":"package","value":"tests.test_search_issue_without_allure"},{"name":"resultFormat","value":"allure2"}],"parameters":[],"links":[],"hidden":false,"retry":false,"extra":{"severity":"normal","retries":[],"categories":[{"name":"Test defects","matchedStatuses":[],"flaky":false}],"history":{"statistic":{"failed":0,"broken":3,"skipped":0,"passed":0,"unknown":0,"total":3},"items":[{"uid":"f3f5a2e6d2337f83","reportUrl":"https://juliSavitskaya.github.io/qa_guru_hw_8/17//#testresult/f3f5a2e6d2337f83","status":"broken","statusDetails":"selenium.common.exceptions.TimeoutException: Message:","time":{"start":1750226947567,"stop":1750226958653,"duration":11086}},{"uid":"2bafbd4013c342d0","reportUrl":"https://juliSavitskaya.github.io/qa_guru_hw_8/17//#testresult/2bafbd4013c342d0","status":"broken","statusDetails":"selenium.common.exceptions.TimeoutException: Message:","time":{"start":1750226532806,"stop":1750226543700,"duration":10894}}]},"tags":[]},"source":"9e43a52f04d1c06d.json","parameterValues":[]}